<?xml version="1.0" encoding="UTF-8"?>
<!-- Generated by org.testng.reporters.JUnitXMLReporter -->
<testsuite hostname="DESKTOP-8U6AELG" name="SeleniumEasyDemoAutomation" tests="2" failures="0" timestamp="11 Jun 2019 14:08:41 GMT" time="18.186" errors="0">
  <testcase name="verifyTextMsg" time="0.438" classname="com.seleniumeasy.tests.CheckBoxDemoPageTest"/>
  <testcase name="validateBtnValue" time="0.318" classname="com.seleniumeasy.tests.CheckBoxDemoPageTest"/>
</testsuite> <!-- SeleniumEasyDemoAutomation -->
