<?xml version="1.0" encoding="UTF-8"?>
<!-- Generated by org.testng.reporters.JUnitXMLReporter -->
<testsuite hostname="DESKTOP-8U6AELG" name="SimpleFormDemo" tests="3" failures="0" timestamp="11 Jun 2019 14:04:26 GMT" time="24.985" errors="0">
  <testcase name="validateEnteredMsg" time="1.035" classname="com.seleniumeasy.tests.SimpleFormDemoPageTest"/>
  <testcase name="validateAddition" time="0.97" classname="com.seleniumeasy.tests.SimpleFormDemoPageTest"/>
  <testcase name="validatingNegScenarioAddingTwoNumbers" time="0.969" classname="com.seleniumeasy.tests.SimpleFormDemoPageTest"/>
</testsuite> <!-- SimpleFormDemo -->
